vitamio/build/outputs/logs/manifest-merger-debug-report.txt
-- Merging decision tree log ---
manifest
ADDED from Camera_Yasea\vitamio\AndroidManifest.xml:1:1-19:12
INJECTED from Camera_Yasea\vitamio\AndroidManifest.xml:1:1-19:12
INJECTED from Camera_Yasea\vitamio\AndroidManifest.xml:1:1-19:12
INJECTED from Camera_Yasea\vitamio\AndroidManifest.xml:1:1-19:12
INJECTED from Camera_Yasea\vitamio\AndroidManifest.xml:1:1-19:12
INJECTED from Camera_Yasea\vitamio\AndroidManifest.xml:1:1-19:12
INJECTED from Camera_Yasea\vitamio\AndroidManifest.xml:1:1-19:12
	package
		ADDED from Camera_Yasea\vitamio\AndroidManifest.xml:2:5-29
		INJECTED from Camera_Yasea\vitamio\AndroidManifest.xml
		INJECTED from Camera_Yasea\vitamio\AndroidManifest.xml
	android:versionName
		ADDED from Camera_Yasea\vitamio\AndroidManifest.xml:4:5-30
		INJECTED from Camera_Yasea\vitamio\AndroidManifest.xml
		INJECTED from Camera_Yasea\vitamio\AndroidManifest.xml
	xmlns:android
		ADDED from Camera_Yasea\vitamio\AndroidManifest.xml:1:11-69
	android:versionCode
		ADDED from Camera_Yasea\vitamio\AndroidManifest.xml:3:5-30
		INJECTED from Camera_Yasea\vitamio\AndroidManifest.xml
		INJECTED from Camera_Yasea\vitamio\AndroidManifest.xml
uses-permission#android.permission.WAKE_LOCK
ADDED from Camera_Yasea\vitamio\AndroidManifest.xml:6:5-68
	android:name
		ADDED from Camera_Yasea\vitamio\AndroidManifest.xml:6:22-65
uses-permission#android.permission.INTERNET
ADDED from Camera_Yasea\vitamio\AndroidManifest.xml:7:5-67
	android:name
		ADDED from Camera_Yasea\vitamio\AndroidManifest.xml:7:22-64
uses-permission#android.permission.ACCESS_NETWORK_STATE
ADDED from Camera_Yasea\vitamio\AndroidManifest.xml:8:5-79
	android:name
		ADDED from Camera_Yasea\vitamio\AndroidManifest.xml:8:22-76
application
ADDED from Camera_Yasea\vitamio\AndroidManifest.xml:10:5-17:19
activity#io.vov.vitamio.activity.InitActivity
ADDED from Camera_Yasea\vitamio\AndroidManifest.xml:11:9-16:62
	android:launchMode
		ADDED from Camera_Yasea\vitamio\AndroidManifest.xml:14:13-43
	android:windowSoftInputMode
		ADDED from Camera_Yasea\vitamio\AndroidManifest.xml:16:13-60
	android:configChanges
		ADDED from Camera_Yasea\vitamio\AndroidManifest.xml:13:13-113
	android:theme
		ADDED from Camera_Yasea\vitamio\AndroidManifest.xml:15:13-60
	android:name
		ADDED from Camera_Yasea\vitamio\AndroidManifest.xml:12:13-64
uses-sdk
INJECTED from Camera_Yasea\vitamio\AndroidManifest.xml reason: use-sdk injection requested
INJECTED from Camera_Yasea\vitamio\AndroidManifest.xml
INJECTED from Camera_Yasea\vitamio\AndroidManifest.xml
INJECTED from Camera_Yasea\vitamio\AndroidManifest.xml
INJECTED from Camera_Yasea\vitamio\AndroidManifest.xml
	android:targetSdkVersion
		INJECTED from Camera_Yasea\vitamio\AndroidManifest.xml
		ADDED from Camera_Yasea\vitamio\AndroidManifest.xml
		INJECTED from Camera_Yasea\vitamio\AndroidManifest.xml
	android:minSdkVersion
		INJECTED from Camera_Yasea\vitamio\AndroidManifest.xml
		ADDED from Camera_Yasea\vitamio\AndroidManifest.xml
		INJECTED from Camera_Yasea\vitamio\AndroidManifest.xml